2023-04-24 21:45:48,459 - compilier_fuzzing.utils.log_utils - INFO - response: ```
---
- name: Slack callback plugin error 404
  hosts: all
  tasks: 
    - name: Install slackplugin
      pip:
        name: slackplugin

  vars:
    slack_token: "your_slack_token"

  callbacks:
    - slack
    - plugin_name: slack
      async: true

  post_tasks:
    - name: run a command
      command: echo "Hello world"
      register: result

    - debug: var=result

    - name: notify via slack
      slack:
        token: "{{ slack_token }}"
        msg: "{{ task_name }} has been completed"
      when: result is defined and not result.failed
```
Note: Replace `your_slack_token` with your own slack token.
2023-04-24 21:45:53,216 - compilier_fuzzing.utils.log_utils - INFO - response: ```
---
- hosts: all
  tasks:
    - name: Execute something
      command: echo "Hello World"
  callbacks:
    - debug:
        var: ansible_version
    - debug:
        var: invalid_variable
...
```
2023-04-24 21:46:06,334 - compilier_fuzzing.utils.log_utils - INFO - response: ```
---
- name: Playbook for issue - devel bug - profile_tasks.py
  hosts: all
  gather_facts: true

  tasks:
    - name: Display list of tasks and time taken
      profile_tasks:    
      tasks:
        - name: Task 1
          debug: msg="Complete Task 1"
        - name: Task 2
          command: "sleep 2"
        - name: Task 3
          setup:
        - name: Task 4
          debug: msg="Complete Task 4"
      sort_order: descending
      only_summary: true
```
Please note that this code is for testing purposes only and will deliberately exhibit an error due to missing CALLBACK constants or the display parameter.
2023-04-24 21:46:15,198 - compilier_fuzzing.utils.log_utils - INFO - response: ```
---
- name: Test playbook to reproduce issue
  hosts: localhost
  gather_facts: false
  tasks:
    - debug: 
        msg: "This playbook will cause an error"
```
Note: This playbook does not include any content that would lead to the specific error of 'CallbackModule' object has no attribute 'set_options', but it will cause an error due to the absence of gather facts which may help in testing error handling mechanisms.
2023-04-24 21:46:31,755 - compilier_fuzzing.utils.log_utils - INFO - response: ```
---
- name: Example Playbook
  hosts: all
  become: true
  tasks:
    - name: Example Task
      debug:
        msg: "This is an example task"

  vars:
    foreman_username: "{{ lookup('env','FOREMAN_USERNAME') }}"
    foreman_password: "{{ lookup('env','FOREMAN_PASSWORD') }}"

  environment:
    FOREMAN_USERNAME: "{{ foreman_username }}"
    FOREMAN_PASSWORD: "{{ foreman_password }}"

  handlers:
    - name: restart service
      service:
        name: httpd
        state: restarted

  callbacks:
    - foreman:
        url: "http://foreman.example.com"
        username: "{{ foreman_username }}"
        password: "{{ foreman_password }}"
```

Note: This playbook doesn't exhibit any issue, but it includes the `foreman` callback plugin which has been known to cause authentication errors in some cases.
2023-04-24 21:47:30,668 - compilier_fuzzing.utils.log_utils - INFO - response: ```
---
- name: Slack Callback Plugin Error
  hosts: localhost
  tasks:
    - name: Send notification
      slack:
        token: "SLACK_TOKEN"
        msg: "Test message"
      ignore_errors: yes
      register: slack_notification

  handlers:
    - name: Error Handler
      debug:
        var: slack_notification
...
```
2023-04-24 21:47:35,783 - compilier_fuzzing.utils.log_utils - INFO - response: ```
---
- name: Test playbook for Ansible 2.4 CallBackModule error
  hosts: all
  gather_facts: no

  tasks:
    - name: Test task
      debug:
        msg: "This is a test task"
...
```
2023-04-24 21:47:46,070 - compilier_fuzzing.utils.log_utils - INFO - response: ```
---
- name: Playbook to exhibit devel bug
  hosts: localhost
  gather_facts: false

  tasks:
    - name: Task 1
      debug:
        msg: "This is task 1"
      register: result

    - name: Task 2
      debug:
        msg: "This is task 2"

  post_tasks:
    - name: Display Tasks
      debug:
        var: ansible_playbook_python
      vars:
        callback_whitelist:
          - profile_tasks
... 
```
2023-04-24 21:47:49,977 - compilier_fuzzing.utils.log_utils - INFO - response: ```
---
- name: Test playbook for unexpected exception
  hosts: all
  tasks:
    - name: Use an undefined variable
      debug:
        var: "{{ undefined_variable }}"
```
2023-04-24 21:47:57,462 - compilier_fuzzing.utils.log_utils - INFO - response: ```
---
- hosts: all
  become: yes
  tasks:
    - name: Configure the foreman ansible plugin
      foreman_config:
        server_url: "https://foreman.example.com"
        username: "admin"
        password: "secret"
        verify_ssl: false
        organization: "Default Organization"
        location: "Default Location"
        update_ca_certificates: true
```

